\BOOKMARK [0][-]{section*.1}{Abstract}{}
\BOOKMARK [0][-]{section*.1}{Acknowledgements}{}
\BOOKMARK [0][-]{chapter.1}{Introduction}{}
\BOOKMARK [1][-]{section.1.1}{Motivation and Objectives}{chapter.1}
\BOOKMARK [2][-]{subsection.1.1.1}{Problem of Induction}{section.1.1}
\BOOKMARK [2][-]{subsection.1.1.2}{Inductive Logic Programming}{section.1.1}
\BOOKMARK [1][-]{section.1.2}{Contributions}{chapter.1}
\BOOKMARK [1][-]{section.1.3}{Statement of Originality}{chapter.1}
\BOOKMARK [0][-]{chapter.2}{Background Theory}{}
\BOOKMARK [1][-]{section.2.1}{Prerequisites}{chapter.2}
\BOOKMARK [1][-]{section.2.2}{A logic language}{chapter.2}
\BOOKMARK [1][-]{section.2.3}{Model theorymarker2002model}{chapter.2}
\BOOKMARK [1][-]{section.2.4}{Logicssep-logic-nonmonotonic}{chapter.2}
\BOOKMARK [1][-]{section.2.5}{Measure theory}{chapter.2}
\BOOKMARK [1][-]{section.2.6}{Logic Programming}{chapter.2}
\BOOKMARK [2][-]{subsection.2.6.1}{Basic concepts and notation of Logic Programminglin2009efficient}{section.2.6}
\BOOKMARK [2][-]{subsection.2.6.2}{SLD-resolutionlin2009efficient}{section.2.6}
\BOOKMARK [1][-]{section.2.7}{Inductive inference}{chapter.2}
\BOOKMARK [2][-]{subsection.2.7.1}{Languages in the theory of inductive inference}{section.2.7}
\BOOKMARK [2][-]{subsection.2.7.2}{Inductive inference concepts}{section.2.7}
\BOOKMARK [2][-]{subsection.2.7.3}{Ultimate problem of scientific discovery}{section.2.7}
\BOOKMARK [2][-]{subsection.2.7.4}{Incremental problem of scientific discovery}{section.2.7}
\BOOKMARK [2][-]{subsection.2.7.5}{Problem of induction - model theoretic setting}{section.2.7}
\BOOKMARK [2][-]{subsection.2.7.6}{Scientific method}{section.2.7}
\BOOKMARK [0][-]{chapter.3}{Problems in inductive logic programming}{}
\BOOKMARK [1][-]{section.3.1}{ILP problem definition}{chapter.3}
\BOOKMARK [2][-]{subsection.3.1.1}{Learning problem}{section.3.1}
\BOOKMARK [2][-]{subsection.3.1.2}{Predicting unobserved data}{section.3.1}
\BOOKMARK [2][-]{subsection.3.1.3}{Learning new information from given data}{section.3.1}
\BOOKMARK [2][-]{subsection.3.1.4}{Inductive inference}{section.3.1}
\BOOKMARK [2][-]{subsection.3.1.5}{Generalization}{section.3.1}
\BOOKMARK [2][-]{subsection.3.1.6}{Learning objective}{section.3.1}
\BOOKMARK [2][-]{subsection.3.1.7}{Negative examples}{section.3.1}
\BOOKMARK [2][-]{subsection.3.1.8}{Learning positive examples}{section.3.1}
\BOOKMARK [2][-]{subsection.3.1.9}{Learning negative examples}{section.3.1}
\BOOKMARK [2][-]{subsection.3.1.10}{Learning with negative examples}{section.3.1}
\BOOKMARK [2][-]{subsection.3.1.11}{Sematics}{section.3.1}
\BOOKMARK [2][-]{subsection.3.1.12}{Assumption of the probable information}{section.3.1}
\BOOKMARK [2][-]{subsection.3.1.13}{Summary of definitions of an ILP problem}{section.3.1}
\BOOKMARK [1][-]{section.3.2}{Completeness by problem classes}{chapter.3}
\BOOKMARK [2][-]{subsection.3.2.1}{Learning concepts}{section.3.2}
\BOOKMARK [2][-]{subsection.3.2.2}{Complexity of a learning problem}{section.3.2}
\BOOKMARK [2][-]{subsection.3.2.3}{Learning syntactic representations}{section.3.2}
\BOOKMARK [2][-]{subsection.3.2.4}{Learning up to logical equivalence}{section.3.2}
\BOOKMARK [1][-]{section.3.3}{Hypothesis selection}{chapter.3}
\BOOKMARK [2][-]{subsection.3.3.1}{Hypothesis properties}{section.3.3}
\BOOKMARK [2][-]{subsection.3.3.2}{Information content of a hypothesis}{section.3.3}
\BOOKMARK [2][-]{subsection.3.3.3}{Inducing preferences over hypotheses space}{section.3.3}
\BOOKMARK [2][-]{subsection.3.3.4}{Hypothesis sufficiency}{section.3.3}
\BOOKMARK [2][-]{subsection.3.3.5}{Hypothesis approximation}{section.3.3}
\BOOKMARK [1][-]{section.3.4}{Hypothesis search}{chapter.3}
\BOOKMARK [2][-]{subsection.3.4.1}{Postulates of inductive inference}{section.3.4}
\BOOKMARK [2][-]{subsection.3.4.2}{Inductive inference rules}{section.3.4}
\BOOKMARK [2][-]{subsection.3.4.3}{Control}{section.3.4}
\BOOKMARK [2][-]{subsection.3.4.4}{Automation}{section.3.4}
\BOOKMARK [1][-]{section.3.5}{Research in ILP}{chapter.3}
\BOOKMARK [1][-]{section.3.6}{Classification of ILP systems}{chapter.3}
\BOOKMARK [0][-]{chapter.4}{Classification of inductive logic programming systems}{}
\BOOKMARK [1][-]{section.4.1}{ILP system definition}{chapter.4}
\BOOKMARK [1][-]{section.4.2}{Semantics of learning problem}{chapter.4}
\BOOKMARK [2][-]{subsection.4.2.1}{Expressing non-monotonic semantics in the classical logic}{section.4.2}
\BOOKMARK [1][-]{section.4.3}{Language bias}{chapter.4}
\BOOKMARK [2][-]{subsection.4.3.1}{Language bias benefits}{section.4.3}
\BOOKMARK [2][-]{subsection.4.3.2}{Language bias problems}{section.4.3}
\BOOKMARK [2][-]{subsection.4.3.3}{Language bias in ILP}{section.4.3}
\BOOKMARK [2][-]{subsection.4.3.4}{Syntactic biases}{section.4.3}
\BOOKMARK [2][-]{subsection.4.3.5}{Semantic biases}{section.4.3}
\BOOKMARK [1][-]{section.4.4}{Biases in ILP systems}{chapter.4}
\BOOKMARK [2][-]{subsection.4.4.1}{Toplogmuggleton2008toplog}{section.4.4}
\BOOKMARK [2][-]{subsection.4.4.2}{Imparokimber2009induction}{section.4.4}
\BOOKMARK [2][-]{subsection.4.4.3}{Metagol}{section.4.4}
\BOOKMARK [2][-]{subsection.4.4.4}{Comparison of biases in ILP systems}{section.4.4}
\BOOKMARK [0][-]{chapter.5}{Advancing solutions to problems in inductive logic programming}{}
\BOOKMARK [0][-]{chapter.6}{Evaluation}{}
\BOOKMARK [1][-]{section.6.1}{Self-critique}{chapter.6}
\BOOKMARK [1][-]{section.6.2}{Measuring the success}{chapter.6}
\BOOKMARK [2][-]{subsection.6.2.1}{Work nature}{section.6.2}
\BOOKMARK [2][-]{subsection.6.2.2}{Work relevance}{section.6.2}
\BOOKMARK [2][-]{subsection.6.2.3}{Size of contribution}{section.6.2}
\BOOKMARK [2][-]{subsection.6.2.4}{Work impact}{section.6.2}
\BOOKMARK [0][-]{chapter.7}{Conclusion}{}
\BOOKMARK [1][-]{section.7.1}{Summary of Thesis Achievements}{chapter.7}
\BOOKMARK [1][-]{section.7.2}{Applications}{chapter.7}
\BOOKMARK [1][-]{section.7.3}{Future Work}{chapter.7}
\BOOKMARK [0][-]{section.7.3}{Bibliography}{}
